<?xml version="1.0" encoding="UTF-8"?>
<testng-results ignored="0" total="1" passed="1" failed="0" skipped="0">
  <reporter-output>
  </reporter-output>
  <suite started-at="2020-08-09T11:27:20Z" name="Suite" finished-at="2020-08-09T11:28:10Z" duration-ms="49833">
    <groups>
    </groups>
    <test started-at="2020-08-09T11:27:20Z" name="To Test Google Title" finished-at="2020-08-09T11:28:10Z" duration-ms="49833">
      <class name="Google.GoogleTitle">
        <test-method is-config="true" signature="BeforeMethod()[pri:0, instance:Google.GoogleTitle@51931956]" started-at="2020-08-09T11:27:20Z" name="BeforeMethod" finished-at="2020-08-09T11:28:01Z" duration-ms="40251" status="PASS">
          <reporter-output>
          </reporter-output>
        </test-method> <!-- BeforeMethod -->
        <test-method signature="Title()[pri:0, instance:Google.GoogleTitle@51931956]" started-at="2020-08-09T11:28:01Z" name="Title" finished-at="2020-08-09T11:28:04Z" duration-ms="3905" status="PASS">
          <reporter-output>
          </reporter-output>
        </test-method> <!-- Title -->
        <test-method is-config="true" signature="Quit()[pri:0, instance:Google.GoogleTitle@51931956]" started-at="2020-08-09T11:28:04Z" name="Quit" finished-at="2020-08-09T11:28:10Z" duration-ms="5630" status="PASS">
          <reporter-output>
          </reporter-output>
        </test-method> <!-- Quit -->
      </class> <!-- Google.GoogleTitle -->
    </test> <!-- To Test Google Title -->
  </suite> <!-- Suite -->
</testng-results>
