<?xml version="1.0" encoding="UTF-8"?>
<testng-results ignored="0" total="1" passed="1" failed="0" skipped="0">
  <reporter-output>
  </reporter-output>
  <suite started-at="2020-08-09T13:52:25Z" name="Suite" finished-at="2020-08-09T13:52:52Z" duration-ms="27729">
    <groups>
    </groups>
    <test started-at="2020-08-09T13:52:25Z" name="To Test Google Title" finished-at="2020-08-09T13:52:52Z" duration-ms="27729">
      <class name="Google.GoogleTitle">
        <test-method is-config="true" signature="BeforeMethod()[pri:0, instance:Google.GoogleTitle@51931956]" started-at="2020-08-09T13:52:25Z" name="BeforeMethod" finished-at="2020-08-09T13:52:44Z" duration-ms="18881" status="PASS">
          <reporter-output>
          </reporter-output>
        </test-method> <!-- BeforeMethod -->
        <test-method signature="Title()[pri:0, instance:Google.GoogleTitle@51931956]" started-at="2020-08-09T13:52:44Z" name="Title" finished-at="2020-08-09T13:52:46Z" duration-ms="2803" status="PASS">
          <reporter-output>
          </reporter-output>
        </test-method> <!-- Title -->
        <test-method is-config="true" signature="Quit()[pri:0, instance:Google.GoogleTitle@51931956]" started-at="2020-08-09T13:52:46Z" name="Quit" finished-at="2020-08-09T13:52:52Z" duration-ms="6003" status="PASS">
          <reporter-output>
          </reporter-output>
        </test-method> <!-- Quit -->
      </class> <!-- Google.GoogleTitle -->
    </test> <!-- To Test Google Title -->
  </suite> <!-- Suite -->
</testng-results>
