<?xml version="1.0" encoding="UTF-8"?>
<testng-results total="1" passed="1" failed="0" skipped="0">
  <reporter-output>
  </reporter-output>
  <suite started-at="2020-11-04T08:40:51Z" name="Suite" finished-at="2020-11-04T08:41:17Z" duration-ms="25723">
    <groups>
    </groups>
    <test started-at="2020-11-04T08:40:51Z" name="To Test Google Title" finished-at="2020-11-04T08:41:17Z" duration-ms="25723">
      <class name="Google.GoogleTitle">
        <test-method is-config="true" signature="BeforeMethod()[pri:0, instance:Google.GoogleTitle@4ae82894]" started-at="2020-11-04T14:10:51Z" name="BeforeMethod" finished-at="2020-11-04T14:11:05Z" duration-ms="13852" status="PASS">
          <reporter-output>
          </reporter-output>
        </test-method> <!-- BeforeMethod -->
        <test-method signature="Title()[pri:0, instance:Google.GoogleTitle@4ae82894]" started-at="2020-11-04T14:11:05Z" name="Title" finished-at="2020-11-04T14:11:12Z" duration-ms="6999" status="PASS">
          <reporter-output>
          </reporter-output>
        </test-method> <!-- Title -->
        <test-method is-config="true" signature="Quit()[pri:0, instance:Google.GoogleTitle@4ae82894]" started-at="2020-11-04T14:11:12Z" name="Quit" finished-at="2020-11-04T14:11:17Z" duration-ms="4845" status="PASS">
          <reporter-output>
          </reporter-output>
        </test-method> <!-- Quit -->
      </class> <!-- Google.GoogleTitle -->
    </test> <!-- To Test Google Title -->
  </suite> <!-- Suite -->
</testng-results>
