<?xml version="1.0" encoding="UTF-8"?>
<testng-results total="1" passed="1" failed="0" skipped="0">
  <reporter-output>
  </reporter-output>
  <suite started-at="2020-08-09T11:17:35Z" name="Suite" finished-at="2020-08-09T11:19:00Z" duration-ms="85027">
    <groups>
    </groups>
    <test started-at="2020-08-09T11:17:35Z" name="To Test Google Title" finished-at="2020-08-09T11:19:00Z" duration-ms="85027">
      <class name="Google.GoogleTitle">
        <test-method is-config="true" signature="BeforeMethod()[pri:0, instance:Google.GoogleTitle@4ae82894]" started-at="2020-08-09T16:47:35Z" name="BeforeMethod" finished-at="2020-08-09T16:48:38Z" duration-ms="62825" status="PASS">
          <reporter-output>
          </reporter-output>
        </test-method> <!-- BeforeMethod -->
        <test-method signature="Title()[pri:0, instance:Google.GoogleTitle@4ae82894]" started-at="2020-08-09T16:48:38Z" name="Title" finished-at="2020-08-09T16:48:47Z" duration-ms="9832" status="PASS">
          <reporter-output>
          </reporter-output>
        </test-method> <!-- Title -->
        <test-method is-config="true" signature="Quit()[pri:0, instance:Google.GoogleTitle@4ae82894]" started-at="2020-08-09T16:48:47Z" name="Quit" finished-at="2020-08-09T16:49:00Z" duration-ms="12331" status="PASS">
          <reporter-output>
          </reporter-output>
        </test-method> <!-- Quit -->
      </class> <!-- Google.GoogleTitle -->
    </test> <!-- To Test Google Title -->
  </suite> <!-- Suite -->
</testng-results>
